<?xml version="1.0" encoding="UTF-8"?>
<testsuite xmlns:xsi="http://www.w3.org/2001/XMLSchema-instance" xsi:noNamespaceSchemaLocation="https://maven.apache.org/surefire/maven-surefire-plugin/xsd/surefire-test-report.xsd" name="com.ontariotechu.sofe3980U.BinaryTest" time="0" tests="20" errors="0" skipped="0" failures="0">
  <properties>
[...]
</properties>
  <testcase name="constructorWithInvalidDigits" classname="com.ontariotechu.sofe3980U.BinaryTest" time="0"/>
  <testcase name="testAnd" classname="com.ontariotechu.sofe3980U.BinaryTest" time="0"/>
  <testcase name="testOr" classname="com.ontariotechu.sofe3980U.BinaryTest" time="0"/>
  <testcase name="testMultiplyWithOne" classname="com.ontariotechu.sofe3980U.BinaryTest" time="0"/>
  <testcase name="testOrWithZeros" classname="com.ontariotechu.sofe3980U.BinaryTest" time="0"/>
  <testcase name="add" classname="com.ontariotechu.sofe3980U.BinaryTest" time="0"/>
  <testcase name="add2" classname="com.ontariotechu.sofe3980U.BinaryTest" time="0"/>
  <testcase name="add3" classname="com.ontariotechu.sofe3980U.BinaryTest" time="0"/>
  <testcase name="add4" classname="com.ontariotechu.sofe3980U.BinaryTest" time="0"/>
  <testcase name="add5" classname="com.ontariotechu.sofe3980U.BinaryTest" time="0"/>
  <testcase name="constructorWithNegativeSign" classname="com.ontariotechu.sofe3980U.BinaryTest" time="0"/>
  <testcase name="constructorWithInvalidChars" classname="com.ontariotechu.sofe3980U.BinaryTest" time="0"/>
  <testcase name="constructorEmptyString" classname="com.ontariotechu.sofe3980U.BinaryTest" time="0"/>
  <testcase name="testOrWithDifferentLength" classname="com.ontariotechu.sofe3980U.BinaryTest" time="0"/>
  <testcase name="testAndWithZeros" classname="com.ontariotechu.sofe3980U.BinaryTest" time="0"/>
  <testcase name="normalConstructor" classname="com.ontariotechu.sofe3980U.BinaryTest" time="0"/>
  <testcase name="constructorWithZeroTailing" classname="com.ontariotechu.sofe3980U.BinaryTest" time="0"/>
  <testcase name="testMultiply" classname="com.ontariotechu.sofe3980U.BinaryTest" time="0"/>
  <testcase name="testAndWithDifferentLength" classname="com.ontariotechu.sofe3980U.BinaryTest" time="0"/>
  <testcase name="testMultiplyWithZero" classname="com.ontariotechu.sofe3980U.BinaryTest" time="0"/>
</testsuite>